#
# There is insufficient memory for the Java Runtime Environment to continue.
# Native memory allocation (mmap) failed to map 65536 bytes. Error detail: Failed to commit metaspace.
# Possible reasons:
#   The system is out of physical RAM or swap space
#   This process is running with CompressedOops enabled, and the Java Heap may be blocking the growth of the native heap
# Possible solutions:
#   Reduce memory load on the system
#   Increase physical memory or swap space
#   Check if swap backing store is full
#   Decrease Java heap size (-Xmx/-Xms)
#   Decrease number of Java threads
#   Decrease Java thread stack sizes (-Xss)
#   Set larger code cache with -XX:ReservedCodeCacheSize=
#   JVM is running with Unscaled Compressed Oops mode in which the Java heap is
#     placed in the first 4GB address space. The Java Heap base address is the
#     maximum limit for the native heap growth. Please use -XX:HeapBaseMinAddress
#     to set the Java Heap base and to place the Java Heap above 4GB virtual address.
# This output file may be truncated or incomplete.
#
#  Out of Memory Error (virtualSpaceNode.cpp:112), pid=20476, tid=20440
#
# JRE version: Java(TM) SE Runtime Environment (22.0.1+8) (build 22.0.1+8-16)
# Java VM: Java HotSpot(TM) 64-Bit Server VM (22.0.1+8-16, mixed mode, sharing, tiered, compressed oops, compressed class ptrs, g1 gc, windows-amd64)
# No core dump will be written. Minidumps are not enabled by default on client versions of Windows
#

---------------  S U M M A R Y ------------

Command Line: -Dfile.encoding=UTF-8 --module-path=C:\Users\Mohanambigai S\OneDrive\Documents\NetBeansProjects\AB hospital\build\classes login

Host: AMD Ryzen 3 3250U with Radeon Graphics         , 4 cores, 5G,  Windows 11 , 64 bit Build 22621 (10.0.22621.4391)
Time: Wed Dec 11 13:52:26 2024 India Standard Time elapsed time: 1.549555 seconds (0d 0h 0m 1s)

---------------  T H R E A D  ---------------

Current thread (0x00000204c6984b20):  JavaThread "AWT-EventQueue-0"        [_thread_in_vm, id=20440, stack(0x0000007eb3700000,0x0000007eb3800000) (1024K)]

Stack: [0x0000007eb3700000,0x0000007eb3800000]
Native frames: (J=compiled Java code, j=interpreted, Vv=VM code, C=native code)
V  [jvm.dll+0x6e2279]  (no source info available)
V  [jvm.dll+0x874e33]  (no source info available)
V  [jvm.dll+0x87725e]  (no source info available)
V  [jvm.dll+0x877933]  (no source info available)
V  [jvm.dll+0x27fd76]  (no source info available)
V  [jvm.dll+0x870a7e]  (no source info available)
V  [jvm.dll+0x6852e5]  (no source info available)
V  [jvm.dll+0x1e3eac]  (no source info available)
V  [jvm.dll+0x1e3c7e]  (no source info available)
V  [jvm.dll+0x687c38]  (no source info available)
V  [jvm.dll+0x2250ac]  (no source info available)
V  [jvm.dll+0x685cfe]  (no source info available)
V  [jvm.dll+0x26b190]  (no source info available)
V  [jvm.dll+0x215cf7]  (no source info available)
V  [jvm.dll+0x20b4ee]  (no source info available)
V  [jvm.dll+0x5c462f]  (no source info available)
V  [jvm.dll+0x7ec076]  (no source info available)
V  [jvm.dll+0x47ca36]  (no source info available)
V  [jvm.dll+0x4828e8]  (no source info available)
C  [java.dll+0x17e4]  (no source info available)
C  0x00000204e629cfc7  (no source info available)

The last pc belongs to native method entry point (kind = native) (printed below).
Java frames: (J=compiled Java code, j=interpreted, Vv=VM code)
j  java.lang.ClassLoader.defineClass1(Ljava/lang/ClassLoader;Ljava/lang/String;[BIILjava/security/ProtectionDomain;Ljava/lang/String;)Ljava/lang/Class;+0 java.base@22.0.1
j  java.lang.ClassLoader.defineClass(Ljava/lang/String;[BIILjava/security/ProtectionDomain;)Ljava/lang/Class;+27 java.base@22.0.1
j  java.security.SecureClassLoader.defineClass(Ljava/lang/String;[BIILjava/security/CodeSource;)Ljava/lang/Class;+12 java.base@22.0.1
j  jdk.internal.loader.BuiltinClassLoader.defineClass(Ljava/lang/String;Ljdk/internal/loader/Resource;)Ljava/lang/Class;+117 java.base@22.0.1
j  jdk.internal.loader.BuiltinClassLoader.findClassOnClassPathOrNull(Ljava/lang/String;)Ljava/lang/Class;+37 java.base@22.0.1
j  jdk.internal.loader.BuiltinClassLoader.loadClassOrNull(Ljava/lang/String;Z)Ljava/lang/Class;+111 java.base@22.0.1
j  jdk.internal.loader.BuiltinClassLoader.loadClass(Ljava/lang/String;Z)Ljava/lang/Class;+3 java.base@22.0.1
j  jdk.internal.loader.ClassLoaders$AppClassLoader.loadClass(Ljava/lang/String;Z)Ljava/lang/Class;+36 java.base@22.0.1
j  java.lang.ClassLoader.loadClass(Ljava/lang/String;)Ljava/lang/Class;+3 java.base@22.0.1
v  ~StubRoutines::call_stub 0x00000204e629100d
j  com.mysql.cj.jdbc.NonRegisteringDriver.connect(Ljava/lang/String;Ljava/util/Properties;)Ljava/sql/Connection;+72
j  java.sql.DriverManager.getConnection(Ljava/lang/String;Ljava/util/Properties;Ljava/lang/Class;)Ljava/sql/Connection;+133 java.sql@22.0.1
j  java.sql.DriverManager.getConnection(Ljava/lang/String;Ljava/lang/String;Ljava/lang/String;)Ljava/sql/Connection;+37 java.sql@22.0.1
j  login.Connect()V+13
j  login.<init>()V+9
j  login$4.run()V+4
j  java.awt.event.InvocationEvent.dispatch()V+47 java.desktop@22.0.1
j  java.awt.EventQueue.dispatchEventImpl(Ljava/awt/AWTEvent;Ljava/lang/Object;)V+21 java.desktop@22.0.1
j  java.awt.EventQueue$4.run()Ljava/lang/Void;+32 java.desktop@22.0.1
j  java.awt.EventQueue$4.run()Ljava/lang/Object;+1 java.desktop@22.0.1
j  java.security.AccessController.executePrivileged(Ljava/security/PrivilegedAction;Ljava/security/AccessControlContext;Ljava/lang/Class;)Ljava/lang/Object;+29 java.base@22.0.1
j  java.security.AccessController.doPrivileged(Ljava/security/PrivilegedAction;Ljava/security/AccessControlContext;)Ljava/lang/Object;+13 java.base@22.0.1
j  java.security.ProtectionDomain$JavaSecurityAccessImpl.doIntersectionPrivilege(Ljava/security/PrivilegedAction;Ljava/security/AccessControlContext;Ljava/security/AccessControlContext;)Ljava/lang/Object;+18 java.base@22.0.1
j  java.awt.EventQueue.dispatchEvent(Ljava/awt/AWTEvent;)V+46 java.desktop@22.0.1
j  java.awt.EventDispatchThread.pumpOneEventForFilters(I)V+81 java.desktop@22.0.1
j  java.awt.EventDispatchThread.pumpEventsForFilter(ILjava/awt/Conditional;Ljava/awt/EventFilter;)V+35 java.desktop@22.0.1
j  java.awt.EventDispatchThread.pumpEventsForHierarchy(ILjava/awt/Conditional;Ljava/awt/Component;)V+11 java.desktop@22.0.1
j  java.awt.EventDispatchThread.pumpEvents(ILjava/awt/Conditional;)V+4 java.desktop@22.0.1
j  java.awt.EventDispatchThread.pumpEvents(Ljava/awt/Conditional;)V+3 java.desktop@22.0.1
j  java.awt.EventDispatchThread.run()V+9 java.desktop@22.0.1
v  ~StubRoutines::call_stub 0x00000204e629100d
native method entry point (kind = native)  [0x00000204e629cba0, 0x00000204e629d6c0]  2848 bytes
[MachCode]
  0x00000204e629cba0: 488b 4b08 | 0fb7 492e | 584c 8d74 | ccf8 6800 | 0000 0068 | 0000 0000 | 5055 488b | ec41 5568 
  0x00000204e629cbc0: 0000 0000 | 4c8b 6b08 | 4d8d 6d38 | 5348 8b53 | 0848 8b52 | 0848 8b52 | 1848 8b52 | 7048 8b12 
  0x00000204e629cbe0: 5248 8b53 | 1048 85d2 | 0f84 0700 | 0000 4881 | c210 0100 | 0052 488b | 5308 488b | 5208 488b 
  0x00000204e629cc00: 5210 5249 | 8bc6 482b | c548 c1e8 | 0350 6800 | 0000 0068 | f7ff ffff | 41c6 8781 | 0400 0001 
  0x00000204e629cc20: 488b 4310 | 4885 c074 | 208b 88cc | 0000 0083 | c102 8988 | cc00 0000 | 2388 e000 | 0000 0f84 
  0x00000204e629cc40: cb09 0000 | e9cf 0000 | 0048 8b43 | 1848 85c0 | 0f85 b000 | 0000 e805 | 0000 00e9 | 9900 0000 
  0x00000204e629cc60: 488b d348 | 8d44 2408 | 4c89 6dc0 | 498b cfc5 | f877 4989 | afb0 0300 | 0049 8987 | a003 0000 
  0x00000204e629cc80: 4883 ec20 | 40f6 c40f | 0f84 1900 | 0000 4883 | ec08 48b8 | a0a3 ce09 | fe7f 0000 | ffd0 4883 
  0x00000204e629cca0: c408 e90c | 0000 0048 | b8a0 a3ce | 09fe 7f00 | 00ff d048 | 83c4 2049 | c787 a003 | 0000 0000 
  0x00000204e629ccc0: 0000 49c7 | 87b0 0300 | 0000 0000 | 0049 c787 | a803 0000 | 0000 0000 | c5f8 7749 | 837f 0800 
  0x00000204e629cce0: 0f84 0500 | 0000 e915 | 42ff ff4c | 8b6d c04c | 8b75 c84e | 8d74 f500 | c348 8b43 | 1848 85c0 
  0x00000204e629cd00: 0f84 1200 | 0000 8b48 | 0883 c102 | 8948 0823 | 481c 0f84 | f708 0000 | 493b a7f0 | 0400 000f 
  0x00000204e629cd20: 8748 0000 | 0089 8424 | 00f0 ffff | 8984 2400 | e0ff ff89 | 8424 00d0 | ffff 8984 | 2400 c0ff 
  0x00000204e629cd40: ff89 8424 | 00b0 ffff | 8984 2400 | a0ff ff89 | 8424 0090 | ffff 8984 | 2400 80ff | ff49 3ba7 
  0x00000204e629cd60: e804 0000 | 7607 4989 | a7f0 0400 | 0041 c687 | 8104 0000 | 0049 ba9c | 3055 0afe | 7f00 0041 
  0x00000204e629cd80: 803a 000f | 843e 0000 | 0048 8b55 | e849 8bcf | 4883 ec20 | 40f6 c40f | 0f84 1900 | 0000 4883 
  0x00000204e629cda0: ec08 48b8 | 40b5 050a | fe7f 0000 | ffd0 4883 | c408 e90c | 0000 0048 | b840 b505 | 0afe 7f00 
  0x00000204e629cdc0: 00ff d048 | 83c4 2048 | 8b5d e84c | 8b5b 0845 | 0fb7 5b2e | 41c1 e303 | 492b e348 | 83ec 2048 
  0x00000204e629cde0: 83e4 f04c | 8b5b 604d | 85db 0f85 | ab00 0000 | e805 0000 | 00e9 9900 | 0000 488b | d348 8d44 
  0x00000204e629ce00: 2408 4c89 | 6dc0 498b | cfc5 f877 | 4989 afb0 | 0300 0049 | 8987 a003 | 0000 4883 | ec20 40f6 
  0x00000204e629ce20: c40f 0f84 | 1900 0000 | 4883 ec08 | 48b8 c0ca | ce09 fe7f | 0000 ffd0 | 4883 c408 | e90c 0000 
  0x00000204e629ce40: 0048 b8c0 | cace 09fe | 7f00 00ff | d048 83c4 | 2049 c787 | a003 0000 | 0000 0000 | 49c7 87b0 
  0x00000204e629ce60: 0300 0000 | 0000 0049 | c787 a803 | 0000 0000 | 0000 c5f8 | 7749 837f | 0800 0f84 | 0500 0000 
  0x00000204e629ce80: e97b 40ff | ff4c 8b6d | c04c 8b75 | c84e 8d74 | f500 c348 | 8b5d e84c | 8b5b 6041 | ffd3 488b 
  0x00000204e629cea0: 5de8 4889 | 4518 448b | 5b28 41f6 | c308 0f84 | 1b00 0000 | 4c8b 5b08 | 4d8b 5b08 | 4d8b 5b18 
  0x00000204e629cec0: 4d8b 5b70 | 4d8b 1b4c | 895d 1048 | 8d55 1048 | 8b43 5849 | ba40 0c06 | 0afe 7f00 | 0049 3bc2 
  0x00000204e629cee0: 0f85 ab00 | 0000 e805 | 0000 00e9 | 9900 0000 | 488b d348 | 8d44 2408 | 4c89 6dc0 | 498b cfc5 
  0x00000204e629cf00: f877 4989 | afb0 0300 | 0049 8987 | a003 0000 | 4883 ec20 | 40f6 c40f | 0f84 1900 | 0000 4883 
  0x00000204e629cf20: ec08 48b8 | c0ca ce09 | fe7f 0000 | ffd0 4883 | c408 e90c | 0000 0048 | b8c0 cace | 09fe 7f00 
  0x00000204e629cf40: 00ff d048 | 83c4 2049 | c787 a003 | 0000 0000 | 0000 49c7 | 87b0 0300 | 0000 0000 | 0049 c787 
  0x00000204e629cf60: a803 0000 | 0000 0000 | c5f8 7749 | 837f 0800 | 0f84 0500 | 0000 e985 | 3fff ff4c | 8b6d c04c 
  0x00000204e629cf80: 8b75 c84e | 8d74 f500 | c348 8b5d | e848 8b43 | 5849 8d8f | c003 0000 | c5f8 7749 | 89af b003 
  0x00000204e629cfa0: 0000 49ba | 98cf 29e6 | 0402 0000 | 4d89 97a8 | 0300 0049 | 89a7 a003 | 0000 41c7 | 8754 0400 
  0x00000204e629cfc0: 0004 0000 | 00ff d0c5 | f877 4883 | ec10 c5fb | 1104 2448 | 83ec 1048 | 8904 2448 | c744 2408 
  0x00000204e629cfe0: 0000 0000 | 41c7 8754 | 0400 0005 | 0000 00f0 | 8344 24c0 | 0049 3baf | 5804 0000 | 0f87 0e00 
  0x00000204e629d000: 0000 4183 | bf50 0400 | 0000 0f84 | 2000 0000 | 498b cf4c | 8be4 4883 | ec20 4883 | e4f0 48b8 
  0x00000204e629d020: d01e d009 | fe7f 0000 | ffd0 498b | e44d 33e4 | 41c7 8754 | 0400 0008 | 0000 0049 | c787 a003 
  0x00000204e629d040: 0000 0000 | 0000 49c7 | 87b0 0300 | 0000 0000 | 0049 c787 | a803 0000 | 0000 0000 | c5f8 774d 
  0x00000204e629d060: 8b9f 3004 | 0000 41c7 | 8300 0100 | 0000 0000 | 0049 bb1a | a529 e604 | 0200 004c | 3b5d 180f 
  0x00000204e629d080: 8524 0200 | 0048 8b04 | 2448 83c4 | 1048 85c0 | 0f84 fe01 | 0000 a803 | 0f85 0800 | 0000 488b 
  0x00000204e629d0a0: 00e9 ee01 | 0000 a801 | 0f85 0900 | 0000 488b | 40fe e9dd | 0100 0048 | 8b40 ff41 | 807f 3800 
  0x00000204e629d0c0: 0f84 ce01 | 0000 4883 | f800 0f84 | c401 0000 | 4d8b 5f28 | 4983 fb00 | 0f84 1400 | 0000 4983 
  0x00000204e629d0e0: eb08 4d89 | 5f28 4d03 | 5f30 4989 | 03e9 a201 | 0000 4881 | ecd0 0000 | 0048 8904 | 2448 894c 
  0x00000204e629d100: 2408 4889 | 5424 1048 | 8974 2418 | 4889 7c24 | 204c 8944 | 2428 4c89 | 4c24 304c | 8954 2438 
  0x00000204e629d120: 4c89 5c24 | 40c5 fb11 | 4424 50c5 | fb11 4c24 | 58c5 fb11 | 5424 60c5 | fb11 5c24 | 68c5 fb11 
  0x00000204e629d140: 6424 70c5 | fb11 6c24 | 78c5 fb11 | b424 8000 | 0000 c5fb | 11bc 2488 | 0000 00c5 | 7b11 8424 
  0x00000204e629d160: 9000 0000 | c57b 118c | 2498 0000 | 00c5 7b11 | 9424 a000 | 0000 c57b | 119c 24a8 | 0000 00c5 
  0x00000204e629d180: 7b11 a424 | b000 0000 | c57b 11ac | 24b8 0000 | 00c5 7b11 | b424 c000 | 0000 c57b | 11bc 24c8 
  0x00000204e629d1a0: 0000 0049 | 8bd7 488b | c848 83ec | 2040 f6c4 | 0f0f 8419 | 0000 0048 | 83ec 0848 | b8e0 3ec3 
  0x00000204e629d1c0: 09fe 7f00 | 00ff d048 | 83c4 08e9 | 0c00 0000 | 48b8 e03e | c309 fe7f | 0000 ffd0 | 4883 c420 
  0x00000204e629d1e0: c57b 10bc | 24c8 0000 | 00c5 7b10 | b424 c000 | 0000 c57b | 10ac 24b8 | 0000 00c5 | 7b10 a424 
  0x00000204e629d200: b000 0000 | c57b 109c | 24a8 0000 | 00c5 7b10 | 9424 a000 | 0000 c57b | 108c 2498 | 0000 00c5 
  0x00000204e629d220: 7b10 8424 | 9000 0000 | c5fb 10bc | 2488 0000 | 00c5 fb10 | b424 8000 | 0000 c5fb | 106c 2478 
  0x00000204e629d240: c5fb 1064 | 2470 c5fb | 105c 2468 | c5fb 1054 | 2460 c5fb | 104c 2458 | c5fb 1044 | 2450 4c8b 
  0x00000204e629d260: 5c24 404c | 8b54 2438 | 4c8b 4c24 | 304c 8b44 | 2428 488b | 7c24 2048 | 8b74 2418 | 488b 5424 
  0x00000204e629d280: 1048 8b4c | 2408 488b | 0424 4881 | c4d0 0000 | 00c5 f877 | 4889 4510 | 4883 ec10 | 4889 0424 
  0x00000204e629d2a0: 48c7 4424 | 0800 0000 | 0041 83bf | d004 0000 | 020f 85bf | 0000 0048 | 81ec 8000 | 0000 4889 
  0x00000204e629d2c0: 4424 7848 | 894c 2470 | 4889 5424 | 6848 895c | 2460 4889 | 6c24 5048 | 8974 2448 | 4889 7c24 
  0x00000204e629d2e0: 404c 8944 | 2438 4c89 | 4c24 304c | 8954 2428 | 4c89 5c24 | 204c 8964 | 2418 4c89 | 6c24 104c 
  0x00000204e629d300: 8974 2408 | 4c89 3c24 | 4c8b e448 | 83ec 2048 | 83e4 f048 | b890 ed05 | 0afe 7f00 | 00ff d049 
  0x00000204e629d320: 8be4 4c8b | 3c24 4c8b | 7424 084c | 8b6c 2410 | 4c8b 6424 | 184c 8b5c | 2420 4c8b | 5424 284c 
  0x00000204e629d340: 8b4c 2430 | 4c8b 4424 | 3848 8b7c | 2440 488b | 7424 4848 | 8b6c 2450 | 488b 5c24 | 6048 8b54 
  0x00000204e629d360: 2468 488b | 4c24 7048 | 8b44 2478 | 4881 c480 | 0000 004d | 33e4 488b | 5de8 4c8b | 6b08 4d8d 
  0x00000204e629d380: 6d38 4983 | 7f08 000f | 84bb 0000 | 00e8 0500 | 0000 e996 | 0000 0048 | 8d44 2408 | 4c89 6dc0 
  0x00000204e629d3a0: 498b cfc5 | f877 4989 | afb0 0300 | 0049 8987 | a003 0000 | 4883 ec20 | 40f6 c40f | 0f84 1900 
  0x00000204e629d3c0: 0000 4883 | ec08 48b8 | 00e9 ce09 | fe7f 0000 | ffd0 4883 | c408 e90c | 0000 0048 | b800 e9ce 
  0x00000204e629d3e0: 09fe 7f00 | 00ff d048 | 83c4 2049 | c787 a003 | 0000 0000 | 0000 49c7 | 87b0 0300 | 0000 0000 
  0x00000204e629d400: 0049 c787 | a803 0000 | 0000 0000 | c5f8 7749 | 837f 0800 | 0f84 0500 | 0000 e9e1 | 3aff ff4c 
  0x00000204e629d420: 8b6d c04c | 8b75 c84e | 8d74 f500 | c348 b9c0 | 182d 0afe | 7f00 0048 | 83e4 f048 | b8c0 94f4 
  0x00000204e629d440: 09fe 7f00 | 00ff d0f4 | 448b 5b28 | 41f6 c320 | 0f84 4401 | 0000 488d | 55a8 4c8b | 5a08 4d85 
  0x00000204e629d460: db0f 85bb | 0000 00e8 | 0500 0000 | e996 0000 | 0048 8d44 | 2408 4c89 | 6dc0 498b | cfc5 f877 
  0x00000204e629d480: 4989 afb0 | 0300 0049 | 8987 a003 | 0000 4883 | ec20 40f6 | c40f 0f84 | 1900 0000 | 4883 ec08 
  0x00000204e629d4a0: 48b8 30e8 | ce09 fe7f | 0000 ffd0 | 4883 c408 | e90c 0000 | 0048 b830 | e8ce 09fe | 7f00 00ff 
  0x00000204e629d4c0: d048 83c4 | 2049 c787 | a003 0000 | 0000 0000 | 49c7 87b0 | 0300 0000 | 0000 0049 | c787 a803 
  0x00000204e629d4e0: 0000 0000 | 0000 c5f8 | 7749 837f | 0800 0f84 | 0500 0000 | e907 3aff | ff4c 8b6d | c04c 8b75 
  0x00000204e629d500: c84e 8d74 | f500 c348 | b9c0 182d | 0afe 7f00 | 0048 83e4 | f048 b8c0 | 94f4 09fe | 7f00 00ff 
  0x00000204e629d520: d0f4 4c89 | 6dc0 488d | 024c 8b4a | 0848 c742 | 0800 0000 | 004c 8b00 | 4d85 c00f | 840b 0000 
  0x00000204e629d540: 00f0 4d0f | b101 0f85 | 0c00 0000 | 49ff 8f58 | 0500 00e9 | 3e00 0000 | 4c89 4a08 | 488b ca48 
  0x00000204e629d560: 83ec 2040 | f6c4 0f0f | 8419 0000 | 0048 83ec | 0848 b8c0 | bace 09fe | 7f00 00ff | d048 83c4 
  0x00000204e629d580: 08e9 0c00 | 0000 48b8 | c0ba ce09 | fe7f 0000 | ffd0 4883 | c420 4c8b | 6dc0 49ba | 9c30 550a 
  0x00000204e629d5a0: fe7f 0000 | 4180 3a00 | 0f84 3e00 | 0000 488b | 55e8 498b | cf48 83ec | 2040 f6c4 | 0f0f 8419 
  0x00000204e629d5c0: 0000 0048 | 83ec 0848 | b840 b505 | 0afe 7f00 | 00ff d048 | 83c4 08e9 | 0c00 0000 | 48b8 40b5 
  0x00000204e629d5e0: 050a fe7f | 0000 ffd0 | 4883 c420 | 488b 0424 | 4883 c410 | c5fb 1004 | 2448 83c4 | 104c 8b5d 
  0x00000204e629d600: 1841 ffd3 | 4c8b 5df8 | c95f 498b | e3ff e7ba | 0000 0000 | e805 0000 | 00e9 9600 | 0000 488d 
  0x00000204e629d620: 4424 084c | 896d c049 | 8bcf c5f8 | 7749 89af | b003 0000 | 4989 87a0 | 0300 0048 | 83ec 2040 
  0x00000204e629d640: f6c4 0f0f | 8419 0000 | 0048 83ec | 0848 b880 | aece 09fe | 7f00 00ff | d048 83c4 | 08e9 0c00 
  0x00000204e629d660: 0000 48b8 | 80ae ce09 | fe7f 0000 | ffd0 4883 | c420 49c7 | 87a0 0300 | 0000 0000 | 0049 c787 
  0x00000204e629d680: b003 0000 | 0000 0000 | 49c7 87a8 | 0300 0000 | 0000 00c5 | f877 4983 | 7f08 000f | 8405 0000 
  0x00000204e629d6a0: 00e9 5a38 | ffff 4c8b | 6dc0 4c8b | 75c8 4e8d | 74f5 00c3 | 488b 5de8 | e95b f6ff | ff66 6690 
[/MachCode]

---------------  P R O C E S S  ---------------

Threads class SMR info:
_java_thread_list=0x00000204c6dc3000, length=16, elements={
0x00000204f270ae90, 0x00000204f270be60, 0x00000204f270e6b0, 0x00000204f27109b0,
0x00000204f2713520, 0x00000204f2713f80, 0x00000204f2714d10, 0x00000204f27176d0,
0x00000204f26d65e0, 0x00000204c5281e20, 0x00000204c54067e0, 0x00000204c54071b0,
0x00000204c5407ae0, 0x00000204c6984b20, 0x00000204d4f9a560, 0x00000204c6e15b40
}

Java Threads: ( => current thread )
  0x00000204f270ae90 JavaThread "Reference Handler"          daemon [_thread_blocked, id=17732, stack(0x0000007eb2a00000,0x0000007eb2b00000) (1024K)]
  0x00000204f270be60 JavaThread "Finalizer"                  daemon [_thread_blocked, id=13108, stack(0x0000007eb2b00000,0x0000007eb2c00000) (1024K)]
  0x00000204f270e6b0 JavaThread "Signal Dispatcher"          daemon [_thread_blocked, id=3592, stack(0x0000007eb2c00000,0x0000007eb2d00000) (1024K)]
  0x00000204f27109b0 JavaThread "Attach Listener"            daemon [_thread_blocked, id=16124, stack(0x0000007eb2d00000,0x0000007eb2e00000) (1024K)]
  0x00000204f2713520 JavaThread "Service Thread"             daemon [_thread_blocked, id=9888, stack(0x0000007eb2e00000,0x0000007eb2f00000) (1024K)]
  0x00000204f2713f80 JavaThread "Monitor Deflation Thread"   daemon [_thread_blocked, id=21084, stack(0x0000007eb2f00000,0x0000007eb3000000) (1024K)]
  0x00000204f2714d10 JavaThread "C2 CompilerThread0"         daemon [_thread_in_native, id=17612, stack(0x0000007eb3000000,0x0000007eb3100000) (1024K)]
  0x00000204f27176d0 JavaThread "C1 CompilerThread0"         daemon [_thread_blocked, id=3604, stack(0x0000007eb3100000,0x0000007eb3200000) (1024K)]
  0x00000204f26d65e0 JavaThread "Common-Cleaner"             daemon [_thread_blocked, id=13708, stack(0x0000007eb3200000,0x0000007eb3300000) (1024K)]
  0x00000204c5281e20 JavaThread "Notification Thread"        daemon [_thread_blocked, id=16056, stack(0x0000007eb3300000,0x0000007eb3400000) (1024K)]
  0x00000204c54067e0 JavaThread "Java2D Disposer"            daemon [_thread_blocked, id=4488, stack(0x0000007eb3400000,0x0000007eb3500000) (1024K)]
  0x00000204c54071b0 JavaThread "AWT-Shutdown"                      [_thread_blocked, id=19500, stack(0x0000007eb3500000,0x0000007eb3600000) (1024K)]
  0x00000204c5407ae0 JavaThread "AWT-Windows"                daemon [_thread_in_native, id=812, stack(0x0000007eb3600000,0x0000007eb3700000) (1024K)]
=>0x00000204c6984b20 JavaThread "AWT-EventQueue-0"                  [_thread_in_vm, id=20440, stack(0x0000007eb3700000,0x0000007eb3800000) (1024K)]
  0x00000204d4f9a560 JavaThread "DestroyJavaVM"                     [_thread_blocked, id=19864, stack(0x0000007eb2200000,0x0000007eb2300000) (1024K)]
  0x00000204c6e15b40 JavaThread "mysql-cj-abandoned-connection-cleanup" daemon [_thread_blocked, id=7884, stack(0x0000007eb3b00000,0x0000007eb3c00000) (1024K)]
Total: 16

Other Threads:
  0x00000204f26eb860 VMThread "VM Thread"                           [id=1748, stack(0x0000007eb2900000,0x0000007eb2a00000) (1024K)]
  0x00000204f26d4f60 WatcherThread "VM Periodic Task Thread"        [id=21356, stack(0x0000007eb2800000,0x0000007eb2900000) (1024K)]
  0x00000204d5283d40 WorkerThread "GC Thread#0"                     [id=10160, stack(0x0000007eb2300000,0x0000007eb2400000) (1024K)]
  0x00000204d5292250 ConcurrentGCThread "G1 Main Marker"            [id=20008, stack(0x0000007eb2400000,0x0000007eb2500000) (1024K)]
  0x00000204d5292fe0 WorkerThread "G1 Conc#0"                       [id=16612, stack(0x0000007eb2500000,0x0000007eb2600000) (1024K)]
  0x00000204d52f25a0 ConcurrentGCThread "G1 Refine#0"               [id=1404, stack(0x0000007eb2600000,0x0000007eb2700000) (1024K)]
  0x00000204f25b1200 ConcurrentGCThread "G1 Service"                [id=3800, stack(0x0000007eb2700000,0x0000007eb2800000) (1024K)]
Total: 7

Threads with active compile tasks:
C2 CompilerThread0  1749 1031       4       java.util.Properties::loadConvert (540 bytes)
Total: 1

VM state: not at safepoint (normal execution)

VM Mutex/Monitor currently owned by a thread:  ([mutex/lock_event])
[0x00007ffe0a579b38] Metaspace_lock - owner thread: 0x00000204c6984b20

Heap address: 0x00000000a1c00000, size: 1508 MB, Compressed Oops mode: 32-bit

CDS archive(s) mapped at: [0x0000020480000000-0x0000020480c60000-0x0000020480c60000), size 12976128, SharedBaseAddress: 0x0000020480000000, ArchiveRelocationMode: 1.
Compressed class space mapped at: 0x0000020481000000-0x00000204c1000000, reserved size: 1073741824
Narrow klass base: 0x0000020480000000, Narrow klass shift: 0, Narrow klass range: 0x41000000

GC Precious Log:
 CardTable entry size: 512
 Card Set container configuration: InlinePtr #cards 5 size 8 Array Of Cards #cards 12 size 40 Howl #buckets 4 coarsen threshold 1843 Howl Bitmap #cards 512 size 80 coarsen threshold 460 Card regions per heap region 1 cards per card region 2048
 CPUs: 4 total, 4 available
 Memory: 6030M
 Large Page Support: Disabled
 NUMA Support: Disabled
 Compressed Oops: Enabled (32-bit)
 Heap Region Size: 1M
 Heap Min Capacity: 8M
 Heap Initial Capacity: 96M
 Heap Max Capacity: 1508M
 Pre-touch: Disabled
 Parallel Workers: 4
 Concurrent Workers: 1
 Concurrent Refinement Workers: 4
 Periodic GC: Disabled

Heap:
 garbage-first heap   total reserved 1544192K, committed 98304K, used 9216K [0x00000000a1c00000, 0x0000000100000000)
  region size 1024K, 10 young (10240K), 0 survivors (0K)
 Metaspace       used 10462K, committed 10752K, reserved 1114112K
  class space    used 1244K, committed 1408K, reserved 1048576K

Heap Regions: E=young(eden), S=young(survivor), O=old, HS=humongous(starts), HC=humongous(continues), CS=collection set, F=free, TAMS=top-at-mark-start, PB=parsable bottom
|   0|0x00000000a1c00000, 0x00000000a1c00000, 0x00000000a1d00000|  0%| F|  |TAMS 0x00000000a1c00000| PB 0x00000000a1c00000| Untracked |  0
|   1|0x00000000a1d00000, 0x00000000a1d00000, 0x00000000a1e00000|  0%| F|  |TAMS 0x00000000a1d00000| PB 0x00000000a1d00000| Untracked |  0
|   2|0x00000000a1e00000, 0x00000000a1e00000, 0x00000000a1f00000|  0%| F|  |TAMS 0x00000000a1e00000| PB 0x00000000a1e00000| Untracked |  0
|   3|0x00000000a1f00000, 0x00000000a1f00000, 0x00000000a2000000|  0%| F|  |TAMS 0x00000000a1f00000| PB 0x00000000a1f00000| Untracked |  0
|   4|0x00000000a2000000, 0x00000000a2000000, 0x00000000a2100000|  0%| F|  |TAMS 0x00000000a2000000| PB 0x00000000a2000000| Untracked |  0
|   5|0x00000000a2100000, 0x00000000a2100000, 0x00000000a2200000|  0%| F|  |TAMS 0x00000000a2100000| PB 0x00000000a2100000| Untracked |  0
|   6|0x00000000a2200000, 0x00000000a2200000, 0x00000000a2300000|  0%| F|  |TAMS 0x00000000a2200000| PB 0x00000000a2200000| Untracked |  0
|   7|0x00000000a2300000, 0x00000000a2300000, 0x00000000a2400000|  0%| F|  |TAMS 0x00000000a2300000| PB 0x00000000a2300000| Untracked |  0
|   8|0x00000000a2400000, 0x00000000a2400000, 0x00000000a2500000|  0%| F|  |TAMS 0x00000000a2400000| PB 0x00000000a2400000| Untracked |  0
|   9|0x00000000a2500000, 0x00000000a2500000, 0x00000000a2600000|  0%| F|  |TAMS 0x00000000a2500000| PB 0x00000000a2500000| Untracked |  0
|  10|0x00000000a2600000, 0x00000000a2600000, 0x00000000a2700000|  0%| F|  |TAMS 0x00000000a2600000| PB 0x00000000a2600000| Untracked |  0
|  11|0x00000000a2700000, 0x00000000a2700000, 0x00000000a2800000|  0%| F|  |TAMS 0x00000000a2700000| PB 0x00000000a2700000| Untracked |  0
|  12|0x00000000a2800000, 0x00000000a2800000, 0x00000000a2900000|  0%| F|  |TAMS 0x00000000a2800000| PB 0x00000000a2800000| Untracked |  0
|  13|0x00000000a2900000, 0x00000000a2900000, 0x00000000a2a00000|  0%| F|  |TAMS 0x00000000a2900000| PB 0x00000000a2900000| Untracked |  0
|  14|0x00000000a2a00000, 0x00000000a2a00000, 0x00000000a2b00000|  0%| F|  |TAMS 0x00000000a2a00000| PB 0x00000000a2a00000| Untracked |  0
|  15|0x00000000a2b00000, 0x00000000a2b00000, 0x00000000a2c00000|  0%| F|  |TAMS 0x00000000a2b00000| PB 0x00000000a2b00000| Untracked |  0
|  16|0x00000000a2c00000, 0x00000000a2c00000, 0x00000000a2d00000|  0%| F|  |TAMS 0x00000000a2c00000| PB 0x00000000a2c00000| Untracked |  0
|  17|0x00000000a2d00000, 0x00000000a2d00000, 0x00000000a2e00000|  0%| F|  |TAMS 0x00000000a2d00000| PB 0x00000000a2d00000| Untracked |  0
|  18|0x00000000a2e00000, 0x00000000a2e00000, 0x00000000a2f00000|  0%| F|  |TAMS 0x00000000a2e00000| PB 0x00000000a2e00000| Untracked |  0
|  19|0x00000000a2f00000, 0x00000000a2f00000, 0x00000000a3000000|  0%| F|  |TAMS 0x00000000a2f00000| PB 0x00000000a2f00000| Untracked |  0
|  20|0x00000000a3000000, 0x00000000a3000000, 0x00000000a3100000|  0%| F|  |TAMS 0x00000000a3000000| PB 0x00000000a3000000| Untracked |  0
|  21|0x00000000a3100000, 0x00000000a3100000, 0x00000000a3200000|  0%| F|  |TAMS 0x00000000a3100000| PB 0x00000000a3100000| Untracked |  0
|  22|0x00000000a3200000, 0x00000000a3200000, 0x00000000a3300000|  0%| F|  |TAMS 0x00000000a3200000| PB 0x00000000a3200000| Untracked |  0
|  23|0x00000000a3300000, 0x00000000a3300000, 0x00000000a3400000|  0%| F|  |TAMS 0x00000000a3300000| PB 0x00000000a3300000| Untracked |  0
|  24|0x00000000a3400000, 0x00000000a3400000, 0x00000000a3500000|  0%| F|  |TAMS 0x00000000a3400000| PB 0x00000000a3400000| Untracked |  0
|  25|0x00000000a3500000, 0x00000000a3500000, 0x00000000a3600000|  0%| F|  |TAMS 0x00000000a3500000| PB 0x00000000a3500000| Untracked |  0
|  26|0x00000000a3600000, 0x00000000a3600000, 0x00000000a3700000|  0%| F|  |TAMS 0x00000000a3600000| PB 0x00000000a3600000| Untracked |  0
|  27|0x00000000a3700000, 0x00000000a3700000, 0x00000000a3800000|  0%| F|  |TAMS 0x00000000a3700000| PB 0x00000000a3700000| Untracked |  0
|  28|0x00000000a3800000, 0x00000000a3800000, 0x00000000a3900000|  0%| F|  |TAMS 0x00000000a3800000| PB 0x00000000a3800000| Untracked |  0
|  29|0x00000000a3900000, 0x00000000a3900000, 0x00000000a3a00000|  0%| F|  |TAMS 0x00000000a3900000| PB 0x00000000a3900000| Untracked |  0
|  30|0x00000000a3a00000, 0x00000000a3a00000, 0x00000000a3b00000|  0%| F|  |TAMS 0x00000000a3a00000| PB 0x00000000a3a00000| Untracked |  0
|  31|0x00000000a3b00000, 0x00000000a3b00000, 0x00000000a3c00000|  0%| F|  |TAMS 0x00000000a3b00000| PB 0x00000000a3b00000| Untracked |  0
|  32|0x00000000a3c00000, 0x00000000a3c00000, 0x00000000a3d00000|  0%| F|  |TAMS 0x00000000a3c00000| PB 0x00000000a3c00000| Untracked |  0
|  33|0x00000000a3d00000, 0x00000000a3d00000, 0x00000000a3e00000|  0%| F|  |TAMS 0x00000000a3d00000| PB 0x00000000a3d00000| Untracked |  0
|  34|0x00000000a3e00000, 0x00000000a3e00000, 0x00000000a3f00000|  0%| F|  |TAMS 0x00000000a3e00000| PB 0x00000000a3e00000| Untracked |  0
|  35|0x00000000a3f00000, 0x00000000a3f00000, 0x00000000a4000000|  0%| F|  |TAMS 0x00000000a3f00000| PB 0x00000000a3f00000| Untracked |  0
|  36|0x00000000a4000000, 0x00000000a4000000, 0x00000000a4100000|  0%| F|  |TAMS 0x00000000a4000000| PB 0x00000000a4000000| Untracked |  0
|  37|0x00000000a4100000, 0x00000000a4100000, 0x00000000a4200000|  0%| F|  |TAMS 0x00000000a4100000| PB 0x00000000a4100000| Untracked |  0
|  38|0x00000000a4200000, 0x00000000a4200000, 0x00000000a4300000|  0%| F|  |TAMS 0x00000000a4200000| PB 0x00000000a4200000| Untracked |  0
|  39|0x00000000a4300000, 0x00000000a4300000, 0x00000000a4400000|  0%| F|  |TAMS 0x00000000a4300000| PB 0x00000000a4300000| Untracked |  0
|  40|0x00000000a4400000, 0x00000000a4400000, 0x00000000a4500000|  0%| F|  |TAMS 0x00000000a4400000| PB 0x00000000a4400000| Untracked |  0
|  41|0x00000000a4500000, 0x00000000a4500000, 0x00000000a4600000|  0%| F|  |TAMS 0x00000000a4500000| PB 0x00000000a4500000| Untracked |  0
|  42|0x00000000a4600000, 0x00000000a4600000, 0x00000000a4700000|  0%| F|  |TAMS 0x00000000a4600000| PB 0x00000000a4600000| Untracked |  0
|  43|0x00000000a4700000, 0x00000000a4700000, 0x00000000a4800000|  0%| F|  |TAMS 0x00000000a4700000| PB 0x00000000a4700000| Untracked |  0
|  44|0x00000000a4800000, 0x00000000a4800000, 0x00000000a4900000|  0%| F|  |TAMS 0x00000000a4800000| PB 0x00000000a4800000| Untracked |  0
|  45|0x00000000a4900000, 0x00000000a4900000, 0x00000000a4a00000|  0%| F|  |TAMS 0x00000000a4900000| PB 0x00000000a4900000| Untracked |  0
|  46|0x00000000a4a00000, 0x00000000a4a00000, 0x00000000a4b00000|  0%| F|  |TAMS 0x00000000a4a00000| PB 0x00000000a4a00000| Untracked |  0
|  47|0x00000000a4b00000, 0x00000000a4b00000, 0x00000000a4c00000|  0%| F|  |TAMS 0x00000000a4b00000| PB 0x00000000a4b00000| Untracked |  0
|  48|0x00000000a4c00000, 0x00000000a4c00000, 0x00000000a4d00000|  0%| F|  |TAMS 0x00000000a4c00000| PB 0x00000000a4c00000| Untracked |  0
|  49|0x00000000a4d00000, 0x00000000a4d00000, 0x00000000a4e00000|  0%| F|  |TAMS 0x00000000a4d00000| PB 0x00000000a4d00000| Untracked |  0
|  50|0x00000000a4e00000, 0x00000000a4e00000, 0x00000000a4f00000|  0%| F|  |TAMS 0x00000000a4e00000| PB 0x00000000a4e00000| Untracked |  0
|  51|0x00000000a4f00000, 0x00000000a4f00000, 0x00000000a5000000|  0%| F|  |TAMS 0x00000000a4f00000| PB 0x00000000a4f00000| Untracked |  0
|  52|0x00000000a5000000, 0x00000000a5000000, 0x00000000a5100000|  0%| F|  |TAMS 0x00000000a5000000| PB 0x00000000a5000000| Untracked |  0
|  53|0x00000000a5100000, 0x00000000a5100000, 0x00000000a5200000|  0%| F|  |TAMS 0x00000000a5100000| PB 0x00000000a5100000| Untracked |  0
|  54|0x00000000a5200000, 0x00000000a5200000, 0x00000000a5300000|  0%| F|  |TAMS 0x00000000a5200000| PB 0x00000000a5200000| Untracked |  0
|  55|0x00000000a5300000, 0x00000000a5300000, 0x00000000a5400000|  0%| F|  |TAMS 0x00000000a5300000| PB 0x00000000a5300000| Untracked |  0
|  56|0x00000000a5400000, 0x00000000a5400000, 0x00000000a5500000|  0%| F|  |TAMS 0x00000000a5400000| PB 0x00000000a5400000| Untracked |  0
|  57|0x00000000a5500000, 0x00000000a5500000, 0x00000000a5600000|  0%| F|  |TAMS 0x00000000a5500000| PB 0x00000000a5500000| Untracked |  0
|  58|0x00000000a5600000, 0x00000000a5600000, 0x00000000a5700000|  0%| F|  |TAMS 0x00000000a5600000| PB 0x00000000a5600000| Untracked |  0
|  59|0x00000000a5700000, 0x00000000a5700000, 0x00000000a5800000|  0%| F|  |TAMS 0x00000000a5700000| PB 0x00000000a5700000| Untracked |  0
|  60|0x00000000a5800000, 0x00000000a5800000, 0x00000000a5900000|  0%| F|  |TAMS 0x00000000a5800000| PB 0x00000000a5800000| Untracked |  0
|  61|0x00000000a5900000, 0x00000000a5900000, 0x00000000a5a00000|  0%| F|  |TAMS 0x00000000a5900000| PB 0x00000000a5900000| Untracked |  0
|  62|0x00000000a5a00000, 0x00000000a5a00000, 0x00000000a5b00000|  0%| F|  |TAMS 0x00000000a5a00000| PB 0x00000000a5a00000| Untracked |  0
|  63|0x00000000a5b00000, 0x00000000a5b00000, 0x00000000a5c00000|  0%| F|  |TAMS 0x00000000a5b00000| PB 0x00000000a5b00000| Untracked |  0
|  64|0x00000000a5c00000, 0x00000000a5c00000, 0x00000000a5d00000|  0%| F|  |TAMS 0x00000000a5c00000| PB 0x00000000a5c00000| Untracked |  0
|  65|0x00000000a5d00000, 0x00000000a5d00000, 0x00000000a5e00000|  0%| F|  |TAMS 0x00000000a5d00000| PB 0x00000000a5d00000| Untracked |  0
|  66|0x00000000a5e00000, 0x00000000a5e00000, 0x00000000a5f00000|  0%| F|  |TAMS 0x00000000a5e00000| PB 0x00000000a5e00000| Untracked |  0
|  67|0x00000000a5f00000, 0x00000000a5f00000, 0x00000000a6000000|  0%| F|  |TAMS 0x00000000a5f00000| PB 0x00000000a5f00000| Untracked |  0
|  68|0x00000000a6000000, 0x00000000a6000000, 0x00000000a6100000|  0%| F|  |TAMS 0x00000000a6000000| PB 0x00000000a6000000| Untracked |  0
|  69|0x00000000a6100000, 0x00000000a6100000, 0x00000000a6200000|  0%| F|  |TAMS 0x00000000a6100000| PB 0x00000000a6100000| Untracked |  0
|  70|0x00000000a6200000, 0x00000000a6200000, 0x00000000a6300000|  0%| F|  |TAMS 0x00000000a6200000| PB 0x00000000a6200000| Untracked |  0
|  71|0x00000000a6300000, 0x00000000a6300000, 0x00000000a6400000|  0%| F|  |TAMS 0x00000000a6300000| PB 0x00000000a6300000| Untracked |  0
|  72|0x00000000a6400000, 0x00000000a6400000, 0x00000000a6500000|  0%| F|  |TAMS 0x00000000a6400000| PB 0x00000000a6400000| Untracked |  0
|  73|0x00000000a6500000, 0x00000000a6500000, 0x00000000a6600000|  0%| F|  |TAMS 0x00000000a6500000| PB 0x00000000a6500000| Untracked |  0
|  74|0x00000000a6600000, 0x00000000a6600000, 0x00000000a6700000|  0%| F|  |TAMS 0x00000000a6600000| PB 0x00000000a6600000| Untracked |  0
|  75|0x00000000a6700000, 0x00000000a6700000, 0x00000000a6800000|  0%| F|  |TAMS 0x00000000a6700000| PB 0x00000000a6700000| Untracked |  0
|  76|0x00000000a6800000, 0x00000000a6800000, 0x00000000a6900000|  0%| F|  |TAMS 0x00000000a6800000| PB 0x00000000a6800000| Untracked |  0
|  77|0x00000000a6900000, 0x00000000a6900000, 0x00000000a6a00000|  0%| F|  |TAMS 0x00000000a6900000| PB 0x00000000a6900000| Untracked |  0
|  78|0x00000000a6a00000, 0x00000000a6a00000, 0x00000000a6b00000|  0%| F|  |TAMS 0x00000000a6a00000| PB 0x00000000a6a00000| Untracked |  0
|  79|0x00000000a6b00000, 0x00000000a6b00000, 0x00000000a6c00000|  0%| F|  |TAMS 0x00000000a6b00000| PB 0x00000000a6b00000| Untracked |  0
|  80|0x00000000a6c00000, 0x00000000a6c00000, 0x00000000a6d00000|  0%| F|  |TAMS 0x00000000a6c00000| PB 0x00000000a6c00000| Untracked |  0
|  81|0x00000000a6d00000, 0x00000000a6d00000, 0x00000000a6e00000|  0%| F|  |TAMS 0x00000000a6d00000| PB 0x00000000a6d00000| Untracked |  0
|  82|0x00000000a6e00000, 0x00000000a6e00000, 0x00000000a6f00000|  0%| F|  |TAMS 0x00000000a6e00000| PB 0x00000000a6e00000| Untracked |  0
|  83|0x00000000a6f00000, 0x00000000a6f00000, 0x00000000a7000000|  0%| F|  |TAMS 0x00000000a6f00000| PB 0x00000000a6f00000| Untracked |  0
|  84|0x00000000a7000000, 0x00000000a7000000, 0x00000000a7100000|  0%| F|  |TAMS 0x00000000a7000000| PB 0x00000000a7000000| Untracked |  0
|  85|0x00000000a7100000, 0x00000000a7100000, 0x00000000a7200000|  0%| F|  |TAMS 0x00000000a7100000| PB 0x00000000a7100000| Untracked |  0
|  86|0x00000000a7200000, 0x00000000a72ba7d0, 0x00000000a7300000| 72%| E|  |TAMS 0x00000000a7200000| PB 0x00000000a7200000| Complete |  0
|  87|0x00000000a7300000, 0x00000000a7400000, 0x00000000a7400000|100%| E|CS|TAMS 0x00000000a7300000| PB 0x00000000a7300000| Complete |  0
|  88|0x00000000a7400000, 0x00000000a7500000, 0x00000000a7500000|100%| E|CS|TAMS 0x00000000a7400000| PB 0x00000000a7400000| Complete |  0
|  89|0x00000000a7500000, 0x00000000a7600000, 0x00000000a7600000|100%| E|CS|TAMS 0x00000000a7500000| PB 0x00000000a7500000| Complete |  0
|  90|0x00000000a7600000, 0x00000000a7700000, 0x00000000a7700000|100%| E|CS|TAMS 0x00000000a7600000| PB 0x00000000a7600000| Complete |  0
|  91|0x00000000a7700000, 0x00000000a7800000, 0x00000000a7800000|100%| E|CS|TAMS 0x00000000a7700000| PB 0x00000000a7700000| Complete |  0
|  92|0x00000000a7800000, 0x00000000a7900000, 0x00000000a7900000|100%| E|CS|TAMS 0x00000000a7800000| PB 0x00000000a7800000| Complete |  0
|  93|0x00000000a7900000, 0x00000000a7a00000, 0x00000000a7a00000|100%| E|CS|TAMS 0x00000000a7900000| PB 0x00000000a7900000| Complete |  0
|  94|0x00000000a7a00000, 0x00000000a7b00000, 0x00000000a7b00000|100%| E|CS|TAMS 0x00000000a7a00000| PB 0x00000000a7a00000| Complete |  0
|  95|0x00000000a7b00000, 0x00000000a7c00000, 0x00000000a7c00000|100%| E|CS|TAMS 0x00000000a7b00000| PB 0x00000000a7b00000| Complete |  0

Card table byte_map: [0x00000204ee680000,0x00000204ee980000] _byte_map_base: 0x00000204ee172000

Marking Bits: (CMBitMap*) 0x00000204d5284c60
 Bits: [0x00000204ee980000, 0x00000204f0110000)

Polling page: 0x00000204d5300000

Metaspace:

Usage:
  Non-class:      9.00 MB used.
      Class:      1.21 MB used.
       Both:     10.22 MB used.

Virtual space:
  Non-class space:       64.00 MB reserved,       9.12 MB ( 14%) committed,  1 nodes.
      Class space:        1.00 GB reserved,       1.38 MB ( <1%) committed,  1 nodes.
             Both:        1.06 GB reserved,      10.50 MB ( <1%) committed. 

Chunk freelists:
   Non-Class:  6.66 MB
       Class:  14.67 MB
        Both:  21.33 MB

MaxMetaspaceSize: unlimited
CompressedClassSpaceSize: 1.00 GB
Initial GC threshold: 21.00 MB
Current GC threshold: 21.00 MB
CDS: on
 - commit_granule_bytes: 65536.
 - commit_granule_words: 8192.
 - virtual_space_node_default_size: 8388608.
 - enlarge_chunks_in_place: 1.
 - use_allocation_guard: 0.


Internal statistics:

num_allocs_failed_limit: 0.
num_arena_births: 182.
num_arena_deaths: 0.
num_vsnodes_births: 2.
num_vsnodes_deaths: 0.
num_space_committed: 168.
num_space_uncommitted: 0.
num_chunks_returned_to_freelist: 0.
num_chunks_taken_from_freelist: 246.
num_chunk_merges: 0.
num_chunk_splits: 148.
num_chunks_enlarged: 72.
num_inconsistent_stats: 0.

CodeHeap 'non-profiled nmethods': size=120000Kb used=319Kb max_used=319Kb free=119680Kb
 bounds [0x00000204e6830000, 0x00000204e6aa0000, 0x00000204edd60000]
CodeHeap 'profiled nmethods': size=120000Kb used=1588Kb max_used=1588Kb free=118412Kb
 bounds [0x00000204ded60000, 0x00000204defd0000, 0x00000204e6290000]
CodeHeap 'non-nmethods': size=5760Kb used=1592Kb max_used=1609Kb free=4167Kb
 bounds [0x00000204e6290000, 0x00000204e6500000, 0x00000204e6830000]
 total_blobs=1701 nmethods=1050 adapters=556
 compilation: enabled
              stopped_count=0, restarted_count=0
 full_count=0

Compilation events (20 events):
Event: 1.533 Thread 0x00000204f27176d0 1043       3       jdk.internal.jimage.BasicImageReader::verifyLocation (39 bytes)
Event: 1.533 Thread 0x00000204f27176d0 nmethod 1043 0x00000204deee7490 code [0x00000204deee7660, 0x00000204deee7948]
Event: 1.533 Thread 0x00000204f27176d0 1044       3       jdk.internal.jimage.ImageStringsReader::stringFromByteBufferMatches (138 bytes)
Event: 1.534 Thread 0x00000204f27176d0 nmethod 1044 0x00000204deee7a90 code [0x00000204deee7d60, 0x00000204deee8e38]
Event: 1.539 Thread 0x00000204f27176d0 1045       1       java.security.CodeSource::getLocationNoFragString (5 bytes)
Event: 1.539 Thread 0x00000204f27176d0 nmethod 1045 0x00000204e687d490 code [0x00000204e687d620, 0x00000204e687d6e8]
Event: 1.539 Thread 0x00000204f27176d0 1046       3       java.lang.invoke.LambdaForm$Name::<init> (19 bytes)
Event: 1.540 Thread 0x00000204f27176d0 nmethod 1046 0x00000204deee9510 code [0x00000204deee9740, 0x00000204deee9dd8]
Event: 1.540 Thread 0x00000204f27176d0 1048       3       java.lang.invoke.LambdaFormBuffer::ownedCount (7 bytes)
Event: 1.540 Thread 0x00000204f27176d0 nmethod 1048 0x00000204deeea110 code [0x00000204deeea2a0, 0x00000204deeea3b0]
Event: 1.540 Thread 0x00000204f27176d0 1047       3       java.util.Arrays::rangeCheck (74 bytes)
Event: 1.540 Thread 0x00000204f27176d0 nmethod 1047 0x00000204deeea410 code [0x00000204deeea6c0, 0x00000204deeeafe8]
Event: 1.540 Thread 0x00000204f27176d0 1050       3       jdk.internal.org.objectweb.asm.MethodWriter::visitLabel (330 bytes)
Event: 1.541 Thread 0x00000204f27176d0 nmethod 1050 0x00000204deeeb390 code [0x00000204deeeb620, 0x00000204deeec308]
Event: 1.541 Thread 0x00000204f27176d0 1049       3       jdk.internal.org.objectweb.asm.MethodWriter::endCurrentBasicBlockWithNoSuccessor (94 bytes)
Event: 1.542 Thread 0x00000204f27176d0 nmethod 1049 0x00000204deeec590 code [0x00000204deeec780, 0x00000204deeecde0]
Event: 1.546 Thread 0x00000204f2714d10 nmethod 1033% 0x00000204e687da90 code [0x00000204e687dcc0, 0x00000204e687ec40]
Event: 1.546 Thread 0x00000204f2714d10 1032 %     4       java.lang.StringLatin1::inflate @ 3 (34 bytes)
Event: 1.546 Thread 0x00000204f27176d0 1052       1       java.net.URL::getFile (5 bytes)
Event: 1.547 Thread 0x00000204f27176d0 nmethod 1052 0x00000204e687f510 code [0x00000204e687f6a0, 0x00000204e687f768]

GC Heap History (0 events):
No events

Dll operation events (9 events):
Event: 0.039 Loaded shared library C:\Program Files\Java\jdk-22\bin\java.dll
Event: 0.155 Loaded shared library C:\Program Files\Java\jdk-22\bin\jsvml.dll
Event: 0.223 Loaded shared library C:\Program Files\Java\jdk-22\bin\net.dll
Event: 0.228 Loaded shared library C:\Program Files\Java\jdk-22\bin\nio.dll
Event: 0.329 Loaded shared library C:\Program Files\Java\jdk-22\bin\zip.dll
Event: 0.806 Loaded shared library C:\Program Files\Java\jdk-22\bin\jimage.dll
Event: 0.837 Loaded shared library C:\Program Files\Java\jdk-22\bin\awt.dll
Event: 1.024 Loaded shared library C:\Program Files\Java\jdk-22\bin\freetype.dll
Event: 1.027 Loaded shared library C:\Program Files\Java\jdk-22\bin\fontmanager.dll

Deoptimization events (20 events):
Event: 1.281 Thread 0x00000204c6984b20 Uncommon trap: trap_request=0xffffff45 fr.pc=0x00000204e6865550 relative=0x0000000000000b70
Event: 1.281 Thread 0x00000204c6984b20 Uncommon trap: reason=unstable_if action=reinterpret pc=0x00000204e6865550 method=java.util.HashMap.putVal(ILjava/lang/Object;Ljava/lang/Object;ZZ)Ljava/lang/Object; @ 109 c2
Event: 1.281 Thread 0x00000204c6984b20 DEOPT PACKING pc=0x00000204e6865550 sp=0x0000007eb37fdd90
Event: 1.281 Thread 0x00000204c6984b20 DEOPT UNPACKING pc=0x00000204e62e46a2 sp=0x0000007eb37fdcb8 mode 2
Event: 1.451 Thread 0x00000204c6984b20 Uncommon trap: trap_request=0xffffffde fr.pc=0x00000204e68618bc relative=0x00000000000002dc
Event: 1.451 Thread 0x00000204c6984b20 Uncommon trap: reason=class_check action=maybe_recompile pc=0x00000204e68618bc method=java.util.HashMap.getNode(Ljava/lang/Object;)Ljava/util/HashMap$Node; @ 82 c2
Event: 1.451 Thread 0x00000204c6984b20 DEOPT PACKING pc=0x00000204e68618bc sp=0x0000007eb37fdb40
Event: 1.451 Thread 0x00000204c6984b20 DEOPT UNPACKING pc=0x00000204e62e46a2 sp=0x0000007eb37fdac0 mode 2
Event: 1.453 Thread 0x00000204c6984b20 Uncommon trap: trap_request=0xffffffde fr.pc=0x00000204e68618bc relative=0x00000000000002dc
Event: 1.453 Thread 0x00000204c6984b20 Uncommon trap: reason=class_check action=maybe_recompile pc=0x00000204e68618bc method=java.util.HashMap.getNode(Ljava/lang/Object;)Ljava/util/HashMap$Node; @ 82 c2
Event: 1.453 Thread 0x00000204c6984b20 DEOPT PACKING pc=0x00000204e68618bc sp=0x0000007eb37fa280
Event: 1.453 Thread 0x00000204c6984b20 DEOPT UNPACKING pc=0x00000204e62e46a2 sp=0x0000007eb37fa200 mode 2
Event: 1.456 Thread 0x00000204c6984b20 Uncommon trap: trap_request=0xffffffde fr.pc=0x00000204e68618bc relative=0x00000000000002dc
Event: 1.456 Thread 0x00000204c6984b20 Uncommon trap: reason=class_check action=maybe_recompile pc=0x00000204e68618bc method=java.util.HashMap.getNode(Ljava/lang/Object;)Ljava/util/HashMap$Node; @ 82 c2
Event: 1.456 Thread 0x00000204c6984b20 DEOPT PACKING pc=0x00000204e68618bc sp=0x0000007eb37f87f0
Event: 1.456 Thread 0x00000204c6984b20 DEOPT UNPACKING pc=0x00000204e62e46a2 sp=0x0000007eb37f8770 mode 2
Event: 1.479 Thread 0x00000204c6984b20 Uncommon trap: trap_request=0xffffffde fr.pc=0x00000204e68618bc relative=0x00000000000002dc
Event: 1.479 Thread 0x00000204c6984b20 Uncommon trap: reason=class_check action=maybe_recompile pc=0x00000204e68618bc method=java.util.HashMap.getNode(Ljava/lang/Object;)Ljava/util/HashMap$Node; @ 82 c2
Event: 1.479 Thread 0x00000204c6984b20 DEOPT PACKING pc=0x00000204e68618bc sp=0x0000007eb37fd0b0
Event: 1.479 Thread 0x00000204c6984b20 DEOPT UNPACKING pc=0x00000204e62e46a2 sp=0x0000007eb37fd030 mode 2

Classes loaded (20 events):
Event: 1.518 Loading class sun/util/PropertyResourceBundleCharset
Event: 1.518 Loading class sun/util/PropertyResourceBundleCharset done
Event: 1.518 Loading class sun/util/PropertyResourceBundleCharset$PropertiesFileDecoder
Event: 1.518 Loading class sun/util/PropertyResourceBundleCharset$PropertiesFileDecoder done
Event: 1.533 Loading class java/text/MessageFormat
Event: 1.534 Loading class java/text/MessageFormat done
Event: 1.535 Loading class java/math/BigDecimal
Event: 1.536 Loading class java/math/BigDecimal done
Event: 1.537 Loading class java/math/MathContext
Event: 1.538 Loading class java/math/MathContext done
Event: 1.540 Loading class java/util/Collections$UnmodifiableMap$UnmodifiableEntrySet
Event: 1.540 Loading class java/util/Collections$UnmodifiableMap$UnmodifiableEntrySet done
Event: 1.541 Loading class java/util/Collections$UnmodifiableMap$UnmodifiableEntrySet$UnmodifiableEntrySetSpliterator
Event: 1.541 Loading class java/util/Collections$UnmodifiableMap$UnmodifiableEntrySet$UnmodifiableEntrySetSpliterator done
Event: 1.541 Loading class java/util/HashMap$EntrySpliterator
Event: 1.541 Loading class java/util/HashMap$EntrySpliterator done
Event: 1.541 Loading class java/lang/invoke/DirectMethodHandle$Special
Event: 1.542 Loading class java/lang/invoke/DirectMethodHandle$Special done
Event: 1.545 Loading class java/lang/NoSuchFieldError
Event: 1.545 Loading class java/lang/NoSuchFieldError done

Classes unloaded (0 events):
No events

Classes redefined (0 events):
No events

Internal exceptions (20 events):
Event: 1.078 Thread 0x00000204d4f9a560 Exception <a 'java/lang/ClassNotFoundException'{0x00000000a7675200}: ToolTip> (0x00000000a7675200) 
thrown [s\open\src\hotspot\share\classfile\systemDictionary.cpp, line 313]
Event: 1.079 Thread 0x00000204d4f9a560 Exception <a 'java/lang/ClassNotFoundException'{0x00000000a7675b40}: Tree> (0x00000000a7675b40) 
thrown [s\open\src\hotspot\share\classfile\systemDictionary.cpp, line 313]
Event: 1.079 Thread 0x00000204d4f9a560 Exception <a 'java/lang/ClassNotFoundException'{0x00000000a7676038}: Tree> (0x00000000a7676038) 
thrown [s\open\src\hotspot\share\classfile\systemDictionary.cpp, line 313]
Event: 1.079 Thread 0x00000204d4f9a560 Exception <a 'java/lang/ClassNotFoundException'{0x00000000a76763a8}: javax/swing/JTreeCell> (0x00000000a76763a8) 
thrown [s\open\src\hotspot\share\classfile\systemDictionary.cpp, line 313]
Event: 1.079 Thread 0x00000204d4f9a560 Exception <a 'java/lang/ClassNotFoundException'{0x00000000a76766b0}: TreeCell> (0x00000000a76766b0) 
thrown [s\open\src\hotspot\share\classfile\systemDictionary.cpp, line 313]
Event: 1.079 Thread 0x00000204d4f9a560 Exception <a 'java/lang/ClassNotFoundException'{0x00000000a7676e58}: RootPane> (0x00000000a7676e58) 
thrown [s\open\src\hotspot\share\classfile\systemDictionary.cpp, line 313]
Event: 1.082 Thread 0x00000204d4f9a560 Exception <a 'java/lang/ClassNotFoundException'{0x00000000a7679be8}: com/sun/swing/internal/plaf/metal/resources/spi/metalProvider> (0x00000000a7679be8) 
thrown [s\open\src\hotspot\share\classfile\systemDictionary.cpp, line 313]
Event: 1.084 Thread 0x00000204d4f9a560 Exception <a 'java/lang/ClassNotFoundException'{0x00000000a767d8e8}: com/sun/swing/internal/plaf/basic/resources/spi/basicProvider> (0x00000000a767d8e8) 
thrown [s\open\src\hotspot\share\classfile\systemDictionary.cpp, line 313]
Event: 1.131 Thread 0x00000204c6984b20 Exception <a 'java/lang/ClassNotFoundException'{0x00000000a76eb6a8}: com/sun/swing/internal/plaf/synth/resources/spi/synthProvider> (0x00000000a76eb6a8) 
thrown [s\open\src\hotspot\share\classfile\systemDictionary.cpp, line 313]
Event: 1.162 Thread 0x00000204c6984b20 Exception <a 'java/lang/NoSuchMethodError'{0x00000000a7576a10}: 'int java.lang.invoke.Invokers$Holder.invokeExact_MT(java.lang.Object, java.lang.Object)'> (0x00000000a7576a10) 
thrown [s\open\src\hotspot\share\interpreter\linkResolver.cpp, line 774]
Event: 1.186 Thread 0x00000204c6984b20 Exception <a 'java/lang/NoSuchMethodError'{0x00000000a7584da0}: 'java.lang.Object java.lang.invoke.DirectMethodHandle$Holder.newInvokeSpecial(java.lang.Object, java.lang.Object, int)'> (0x00000000a7584da0) 
thrown [s\open\src\hotspot\share\interpreter\linkResolver.cpp, line 774]
Event: 1.187 Thread 0x00000204c6984b20 Exception <a 'java/lang/NoSuchMethodError'{0x00000000a7589e60}: 'int java.lang.invoke.DirectMethodHandle$Holder.invokeSpecial(java.lang.Object, java.lang.Object, java.lang.Object, int)'> (0x00000000a7589e60) 
thrown [s\open\src\hotspot\share\interpreter\linkResolver.cpp, line 774]
Event: 1.190 Thread 0x00000204c6984b20 Exception <a 'java/lang/NoSuchMethodError'{0x00000000a759cc08}: 'java.lang.Object java.lang.invoke.DirectMethodHandle$Holder.invokeStatic(java.lang.Object, java.lang.Object, java.lang.Object, java.lang.Object, int)'> (0x00000000a759cc08) 
thrown [s\open\src\hotspot\share\interpreter\linkResolver.cpp, line 774]
Event: 1.192 Thread 0x00000204c6984b20 Exception <a 'java/lang/NoSuchMethodError'{0x00000000a75a85b8}: 'int java.lang.invoke.DirectMethodHandle$Holder.invokeSpecial(java.lang.Object, java.lang.Object, java.lang.Object)'> (0x00000000a75a85b8) 
thrown [s\open\src\hotspot\share\interpreter\linkResolver.cpp, line 774]
Event: 1.284 Thread 0x00000204c6984b20 Exception <a 'java/lang/NoSuchMethodError'{0x00000000a7425fd0}: 'void java.lang.invoke.DirectMethodHandle$Holder.invokeStatic(java.lang.Object, java.lang.Object, java.lang.Object)'> (0x00000000a7425fd0) 
thrown [s\open\src\hotspot\share\interpreter\linkResolver.cpp, line 774]
Event: 1.285 Thread 0x00000204c6984b20 Exception <a 'java/lang/NoSuchMethodError'{0x00000000a742bcc0}: 'void java.lang.invoke.DirectMethodHandle$Holder.invokeStatic(java.lang.Object, java.lang.Object)'> (0x00000000a742bcc0) 
thrown [s\open\src\hotspot\share\interpreter\linkResolver.cpp, line 774]
Event: 1.330 Thread 0x00000204c5407ae0 Exception <a 'java/lang/NoSuchMethodError'{0x00000000a770e5d8}: 'void java.lang.invoke.DirectMethodHandle$Holder.invokeVirtual(java.lang.Object, java.lang.Object)'> (0x00000000a770e5d8) 
thrown [s\open\src\hotspot\share\interpreter\linkResolver.cpp, line 774]
Event: 1.354 Thread 0x00000204c6984b20 Exception <a 'java/lang/NoSuchMethodError'{0x00000000a746df80}: 'void java.lang.invoke.DirectMethodHandle$Holder.invokeStaticInit(java.lang.Object)'> (0x00000000a746df80) 
thrown [s\open\src\hotspot\share\interpreter\linkResolver.cpp, line 774]
Event: 1.512 Thread 0x00000204c6984b20 Exception <a 'java/lang/NoSuchMethodError'{0x00000000a73f4478}: 'java.lang.Object java.lang.invoke.DirectMethodHandle$Holder.invokeInterface(java.lang.Object, java.lang.Object)'> (0x00000000a73f4478) 
thrown [s\open\src\hotspot\share\interpreter\linkResolver.cpp, line 774]
Event: 1.543 Thread 0x00000204c6984b20 Exception <a 'java/lang/NoSuchMethodError'{0x00000000a72752d0}: 'java.lang.Object java.lang.invoke.DirectMethodHandle$Holder.invokeVirtual(java.lang.Object, java.lang.Object, java.lang.Object)'> (0x00000000a72752d0) 
thrown [s\open\src\hotspot\share\interpreter\linkResolver.cpp, line 774]

ZGC Phase Switch (0 events):
No events

VM Operations (10 events):
Event: 0.290 Executing VM operation: HandshakeAllThreads (Deoptimize)
Event: 0.290 Executing VM operation: HandshakeAllThreads (Deoptimize) done
Event: 0.873 Executing VM operation: HandshakeAllThreads (Deoptimize)
Event: 0.873 Executing VM operation: HandshakeAllThreads (Deoptimize) done
Event: 1.220 Executing VM operation: HandshakeAllThreads (Deoptimize)
Event: 1.220 Executing VM operation: HandshakeAllThreads (Deoptimize) done
Event: 1.220 Executing VM operation: Cleanup
Event: 1.220 Executing VM operation: Cleanup done
Event: 1.480 Executing VM operation: HandshakeAllThreads (Deoptimize)
Event: 1.480 Executing VM operation: HandshakeAllThreads (Deoptimize) done

Events (18 events):
Event: 0.100 Thread 0x00000204d4f9a560 Thread added: 0x00000204d4f9a560
Event: 0.142 Thread 0x00000204f270ae90 Thread added: 0x00000204f270ae90
Event: 0.142 Thread 0x00000204f270be60 Thread added: 0x00000204f270be60
Event: 0.145 Thread 0x00000204f270e6b0 Thread added: 0x00000204f270e6b0
Event: 0.146 Thread 0x00000204f27109b0 Thread added: 0x00000204f27109b0
Event: 0.146 Thread 0x00000204f2713520 Thread added: 0x00000204f2713520
Event: 0.146 Thread 0x00000204f2713f80 Thread added: 0x00000204f2713f80
Event: 0.146 Thread 0x00000204f2714d10 Thread added: 0x00000204f2714d10
Event: 0.151 Thread 0x00000204f27176d0 Thread added: 0x00000204f27176d0
Event: 0.201 Thread 0x00000204f26d65e0 Thread added: 0x00000204f26d65e0
Event: 0.309 Thread 0x00000204c5281e20 Thread added: 0x00000204c5281e20
Event: 0.922 Thread 0x00000204c54067e0 Thread added: 0x00000204c54067e0
Event: 0.924 Thread 0x00000204c54071b0 Thread added: 0x00000204c54071b0
Event: 0.926 Thread 0x00000204c5407ae0 Thread added: 0x00000204c5407ae0
Event: 1.104 Thread 0x00000204c6984b20 Thread added: 0x00000204c6984b20
Event: 1.104 Thread 0x00000204d4f9a560 Thread exited: 0x00000204d4f9a560
Event: 1.104 Thread 0x00000204d4f9a560 Thread added: 0x00000204d4f9a560
Event: 1.461 Thread 0x00000204c6e15b40 Thread added: 0x00000204c6e15b40


Dynamic libraries:
0x00007ff682780000 - 0x00007ff682790000 	C:\Program Files\Java\jdk-22\bin\java.exe
0x00007ffe754b0000 - 0x00007ffe756c7000 	C:\WINDOWS\SYSTEM32\ntdll.dll
0x00007ffe68720000 - 0x00007ffe6873a000 	C:\Program Files\Avast Software\Avast\aswhook.dll
0x00007ffe74150000 - 0x00007ffe74214000 	C:\WINDOWS\System32\KERNEL32.DLL
0x00007ffe72ba0000 - 0x00007ffe72f59000 	C:\WINDOWS\System32\KERNELBASE.dll
0x00007ffe72f90000 - 0x00007ffe730a1000 	C:\WINDOWS\System32\ucrtbase.dll
0x00007ffe5c0b0000 - 0x00007ffe5c0c7000 	C:\Program Files\Java\jdk-22\bin\jli.dll
0x00007ffe743f0000 - 0x00007ffe744a2000 	C:\WINDOWS\System32\ADVAPI32.dll
0x00007ffe74340000 - 0x00007ffe743e7000 	C:\WINDOWS\System32\msvcrt.dll
0x00007ffe740a0000 - 0x00007ffe74147000 	C:\WINDOWS\System32\sechost.dll
0x00007ffe72f60000 - 0x00007ffe72f88000 	C:\WINDOWS\System32\bcrypt.dll
0x00007ffe74220000 - 0x00007ffe74334000 	C:\WINDOWS\System32\RPCRT4.dll
0x00007ffe746f0000 - 0x00007ffe7489e000 	C:\WINDOWS\System32\USER32.dll
0x00007ffe72a50000 - 0x00007ffe72a76000 	C:\WINDOWS\System32\win32u.dll
0x00007ffe74610000 - 0x00007ffe74639000 	C:\WINDOWS\System32\GDI32.dll
0x00007ffe730b0000 - 0x00007ffe731cb000 	C:\WINDOWS\System32\gdi32full.dll
0x00007ffe72a80000 - 0x00007ffe72b1a000 	C:\WINDOWS\System32\msvcp_win.dll
0x00007ffe393b0000 - 0x00007ffe393cb000 	C:\Program Files\Java\jdk-22\bin\VCRUNTIME140.dll
0x00007ffe583f0000 - 0x00007ffe58682000 	C:\WINDOWS\WinSxS\amd64_microsoft.windows.common-controls_6595b64144ccf1df_6.0.22621.4391_none_2715d37f73803e96\COMCTL32.dll
0x00007ffe6f4c0000 - 0x00007ffe6f4ca000 	C:\WINDOWS\SYSTEM32\VERSION.dll
0x00007ffe739a0000 - 0x00007ffe739d1000 	C:\WINDOWS\System32\IMM32.DLL
0x00007ffe5bff0000 - 0x00007ffe5bffc000 	C:\Program Files\Java\jdk-22\bin\vcruntime140_1.dll
0x00007ffe15210000 - 0x00007ffe1529e000 	C:\Program Files\Java\jdk-22\bin\msvcp140.dll
0x00007ffe09910000 - 0x00007ffe0a657000 	C:\Program Files\Java\jdk-22\bin\server\jvm.dll
0x00007ffe739e0000 - 0x00007ffe73a51000 	C:\WINDOWS\System32\WS2_32.dll
0x00007ffe72680000 - 0x00007ffe726cd000 	C:\WINDOWS\SYSTEM32\POWRPROF.dll
0x00007ffe6dc40000 - 0x00007ffe6dc74000 	C:\WINDOWS\SYSTEM32\WINMM.dll
0x00007ffe72660000 - 0x00007ffe72673000 	C:\WINDOWS\SYSTEM32\UMPDC.dll
0x00007ffe717f0000 - 0x00007ffe71808000 	C:\WINDOWS\SYSTEM32\kernel.appcore.dll
0x00007ffe5bfa0000 - 0x00007ffe5bfaa000 	C:\Program Files\Java\jdk-22\bin\jimage.dll
0x00007ffe69be0000 - 0x00007ffe69e12000 	C:\WINDOWS\SYSTEM32\DBGHELP.DLL
0x00007ffe731d0000 - 0x00007ffe7355f000 	C:\WINDOWS\System32\combase.dll
0x00007ffe75390000 - 0x00007ffe75467000 	C:\WINDOWS\System32\OLEAUT32.dll
0x00007ffe69ba0000 - 0x00007ffe69bd2000 	C:\WINDOWS\SYSTEM32\dbgcore.DLL
0x00007ffe72b20000 - 0x00007ffe72b9b000 	C:\WINDOWS\System32\bcryptPrimitives.dll
0x00007ffe391f0000 - 0x00007ffe3920e000 	C:\Program Files\Java\jdk-22\bin\java.dll
0x00007ffe74b10000 - 0x00007ffe75386000 	C:\WINDOWS\System32\SHELL32.dll
0x00007ffe73ef0000 - 0x00007ffe74095000 	C:\WINDOWS\System32\ole32.dll
0x00007ffe706f0000 - 0x00007ffe70ff3000 	C:\WINDOWS\SYSTEM32\windows.storage.dll
0x00007ffe705b0000 - 0x00007ffe706ef000 	C:\WINDOWS\SYSTEM32\wintypes.dll
0x00007ffe74950000 - 0x00007ffe74a49000 	C:\WINDOWS\System32\SHCORE.dll
0x00007ffe74ab0000 - 0x00007ffe74b0e000 	C:\WINDOWS\System32\shlwapi.dll
0x00007ffe726e0000 - 0x00007ffe7270b000 	C:\WINDOWS\SYSTEM32\profapi.dll
0x00007ffe12e40000 - 0x00007ffe12f17000 	C:\Program Files\Java\jdk-22\bin\jsvml.dll
0x00007ffe59f00000 - 0x00007ffe59f10000 	C:\Program Files\Java\jdk-22\bin\net.dll
0x00007ffe71c70000 - 0x00007ffe71cd9000 	C:\WINDOWS\system32\mswsock.dll
0x00007ffe38a10000 - 0x00007ffe38a26000 	C:\Program Files\Java\jdk-22\bin\nio.dll
0x00007ffe38990000 - 0x00007ffe389a7000 	C:\Program Files\Java\jdk-22\bin\zip.dll
0x00007ffe0eac0000 - 0x00007ffe0ec4e000 	C:\Program Files\Java\jdk-22\bin\awt.dll
0x00007ffe6f520000 - 0x00007ffe6f5b7000 	C:\WINDOWS\SYSTEM32\apphelp.dll
0x00007ffe70080000 - 0x00007ffe70131000 	C:\WINDOWS\system32\uxtheme.dll
0x00007ffe73730000 - 0x00007ffe73890000 	C:\WINDOWS\System32\MSCTF.dll
0x00007ffe702c0000 - 0x00007ffe702eb000 	C:\WINDOWS\system32\DWMAPI.DLL
0x00007ffe132b0000 - 0x00007ffe13337000 	C:\Program Files\Java\jdk-22\bin\freetype.dll
0x00007ffe0e9e0000 - 0x00007ffe0eab7000 	C:\Program Files\Java\jdk-22\bin\fontmanager.dll
0x00007ffe129f0000 - 0x00007ffe12af0000 	C:\WINDOWS\system32\opengl32.dll
0x00007ffe380c0000 - 0x00007ffe380ed000 	C:\WINDOWS\SYSTEM32\GLU32.dll
0x00007ffe70170000 - 0x00007ffe701a7000 	C:\WINDOWS\SYSTEM32\dxcore.dll
0x00007ffe73890000 - 0x00007ffe73940000 	C:\WINDOWS\System32\clbcatq.dll
0x00007ffe6fed0000 - 0x00007ffe70080000 	C:\WINDOWS\SYSTEM32\WindowsCodecs.dll
0x00007ffe52440000 - 0x00007ffe5249e000 	C:\WINDOWS\system32\dataexchange.dll
0x00007ffe6c8b0000 - 0x00007ffe6cb54000 	C:\WINDOWS\system32\twinapi.appcore.dll

dbghelp: loaded successfully - version: 4.0.5 - missing functions: none
symbol engine: initialized successfully - sym options: 0x614 - pdb path: .;C:\Program Files\Java\jdk-22\bin;C:\WINDOWS\SYSTEM32;C:\Program Files\Avast Software\Avast;C:\WINDOWS\WinSxS\amd64_microsoft.windows.common-controls_6595b64144ccf1df_6.0.22621.4391_none_2715d37f73803e96;C:\Program Files\Java\jdk-22\bin\server

VM Arguments:
jvm_args: -Dfile.encoding=UTF-8 --module-path=C:\Users\Mohanambigai S\OneDrive\Documents\NetBeansProjects\AB hospital\build\classes 
java_command: login
java_class_path (initial): C:\Users\Mohanambigai S\Downloads\mysql-connector-j-8.4.0\mysql-connector-j-8.4.0\mysql-connector-j-8.4.0.jar;C:\Users\Mohanambigai S\OneDrive\Desktop\lib\jcalendar-1.4.jar;C:\Users\Mohanambigai S\OneDrive\Documents\NetBeansProjects\AB hospital\build\classes
Launcher Type: SUN_STANDARD

[Global flags]
     intx CICompilerCount                          = 3                                         {product} {ergonomic}
     uint ConcGCThreads                            = 1                                         {product} {ergonomic}
     uint G1ConcRefinementThreads                  = 4                                         {product} {ergonomic}
   size_t G1HeapRegionSize                         = 1048576                                   {product} {ergonomic}
   size_t InitialHeapSize                          = 100663296                                 {product} {ergonomic}
   size_t MarkStackSize                            = 4194304                                   {product} {ergonomic}
   size_t MaxHeapSize                              = 1581252608                                {product} {ergonomic}
   size_t MaxNewSize                               = 947912704                                 {product} {ergonomic}
   size_t MinHeapDeltaBytes                        = 1048576                                   {product} {ergonomic}
   size_t MinHeapSize                              = 8388608                                   {product} {ergonomic}
    uintx NonNMethodCodeHeapSize                   = 5832780                                {pd product} {ergonomic}
    uintx NonProfiledCodeHeapSize                  = 122912730                              {pd product} {ergonomic}
    uintx ProfiledCodeHeapSize                     = 122912730                              {pd product} {ergonomic}
    uintx ReservedCodeCacheSize                    = 251658240                              {pd product} {ergonomic}
     bool SegmentedCodeCache                       = true                                      {product} {ergonomic}
   size_t SoftMaxHeapSize                          = 1581252608                             {manageable} {ergonomic}
     bool UseCompressedOops                        = true                           {product lp64_product} {ergonomic}
     bool UseG1GC                                  = true                                      {product} {ergonomic}
     bool UseLargePagesIndividualAllocation        = false                                  {pd product} {ergonomic}

Logging:
Log output configuration:
 #0: stdout all=warning uptime,level,tags foldmultilines=false
 #1: stderr all=off uptime,level,tags foldmultilines=false

Environment Variables:
JAVA_HOME=C:\Program Files\Java\jdk1.8.0_151
PATH=C:\Program Files\Common Files\Oracle\Java\javapath;C:\Program Files\Python312\Scripts\;C:\Program Files\Python312\;C:\WINDOWS\system32;C:\WINDOWS;C:\WINDOWS\System32\Wbem;C:\WINDOWS\System32\WindowsPowerShell\v1.0\;C:\WINDOWS\System32\OpenSSH\;C:\Program Files\dotnet\;C:\Program Files\MATLAB\R2012b\runtime\win64;C:\Program Files\MATLAB\R2012b\bin;C:\Program Files\Git\cmd;C:\Program Files\Java\jdk1.8.0_151\bin;C:\Program Files (x86)\Windows Kits\10\Windows Performance Toolkit\;C:\Program Files (x86)\Microsoft SQL Server\160\Tools\Binn\;C:\Program Files\Microsoft SQL Server\160\Tools\Binn\;C:\Program Files\Microsoft SQL Server\Client SDK\ODBC\170\Tools\Binn\;C:\Program Files\Microsoft SQL Server\160\DTS\Binn\;C:\Program Files (x86)\Microsoft SQL Server\160\DTS\Binn\;C:\Users\Mohanambigai S\AppData\Local\Microsoft\WindowsApps;C:\Users\Mohanambigai S\AppData\Local\GitHubDesktop\bin;C:\Users\Mohanambigai S\AppData\Local\Programs\Microsoft VS Code\bin;
USERNAME=Mohanambigai S
OS=Windows_NT
PROCESSOR_IDENTIFIER=AMD64 Family 23 Model 24 Stepping 1, AuthenticAMD
TMP=C:\Users\MOHANA~1\AppData\Local\Temp
TEMP=C:\Users\MOHANA~1\AppData\Local\Temp




Periodic native trim disabled

---------------  S Y S T E M  ---------------

OS:
 Windows 11 , 64 bit Build 22621 (10.0.22621.4391)
OS uptime: 1 days 0:18 hours

CPU: total 4 (initial active 4) (4 cores per cpu, 2 threads per core) family 23 model 24 stepping 1 microcode 0x0, cx8, cmov, fxsr, ht, mmx, 3dnowpref, sse, sse2, sse3, ssse3, sse4a, sse4.1, sse4.2, popcnt, lzcnt, tsc, tscinvbit, avx, avx2, aes, clmul, bmi1, bmi2, adx, sha, fma, vzeroupper, clflush, clflushopt, rdtscp, f16c
Processor Information for all 4 processors :
  Max Mhz: 2600, Current Mhz: 2600, Mhz Limit: 2600

Memory: 4k page, system-wide physical 6030M (521M free)
TotalPageFile size 8078M (AvailPageFile size 3M)
current process WorkingSet (physical memory assigned to process): 72M, peak: 72M
current process commit charge ("private bytes"): 188M, peak: 188M

vm_info: Java HotSpot(TM) 64-Bit Server VM (22.0.1+8-16) for windows-amd64 JRE (22.0.1+8-16), built on 2024-03-12T10:33:16Z by "mach5one" with MS VC++ 17.6 (VS2022)

END.
